Unity Editor version:    2021.3.10f1 (1c7d0df0160b)
Branch:                  2021.3/staging
Build type:              Release
Batch mode:              YES
System name:             Linux
Distro version:          #58-Ubuntu SMP Thu Oct 13 08:03:55 UTC 2022
Kernel version:          5.15.0-52-generic
Architecture:            x86_64
Available memory:        15871 MB
Using pre-set license
Pro License: YES

(Unity:5917): Gdk-CRITICAL **: 22:38:22.392: gdk_window_get_cursor: assertion 'GDK_IS_WINDOW (window)' failed
Desktop is 1920 x 1080 @ 60 Hz
Initialize udev device monitor.

COMMAND LINE ARGUMENTS:
Unity
-adb2
-batchMode
-noUpm
-name
AssetImportWorker0
-projectPath
/home/liza/dz/unity/baobab
-logFile
Logs/AssetImportWorker0.log
-srvPort
39721
Successfully changed project path to: /home/liza/dz/unity/baobab
/home/liza/dz/unity/baobab
[UnityMemory] Configuration Parameters - Can be set up in boot.config
    "memorysetup-bucket-allocator-granularity=16"
    "memorysetup-bucket-allocator-bucket-count=8"
    "memorysetup-bucket-allocator-block-size=33554432"
    "memorysetup-bucket-allocator-block-count=8"
    "memorysetup-main-allocator-block-size=16777216"
    "memorysetup-thread-allocator-block-size=16777216"
    "memorysetup-gfx-main-allocator-block-size=16777216"
    "memorysetup-gfx-thread-allocator-block-size=16777216"
    "memorysetup-cache-allocator-block-size=4194304"
    "memorysetup-typetree-allocator-block-size=2097152"
    "memorysetup-profiler-bucket-allocator-granularity=16"
    "memorysetup-profiler-bucket-allocator-bucket-count=8"
    "memorysetup-profiler-bucket-allocator-block-size=33554432"
    "memorysetup-profiler-bucket-allocator-block-count=8"
    "memorysetup-profiler-allocator-block-size=16777216"
    "memorysetup-profiler-editor-allocator-block-size=1048576"
    "memorysetup-temp-allocator-size-main=16777216"
    "memorysetup-job-temp-allocator-block-size=2097152"
    "memorysetup-job-temp-allocator-block-size-background=1048576"
    "memorysetup-job-temp-allocator-reduction-small-platforms=262144"
    "memorysetup-temp-allocator-size-background-worker=32768"
    "memorysetup-temp-allocator-size-job-worker=262144"
    "memorysetup-temp-allocator-size-preload-manager=33554432"
    "memorysetup-temp-allocator-size-nav-mesh-worker=65536"
    "memorysetup-temp-allocator-size-audio-worker=65536"
    "memorysetup-temp-allocator-size-cloud-worker=32768"
    "memorysetup-temp-allocator-size-gi-baking-worker=262144"
    "memorysetup-temp-allocator-size-gfx=262144"
Refreshing native plugins compatible for Editor in 107,69 ms, found 1 plugins.
Preloading 0 native plugins for Editor in 0,00 ms.
Initialize engine version: 2021.3.10f1 (1c7d0df0160b)
[Subsystems] Discovering subsystems at path /home/liza/apps/Unity/Hub/Editor/2021.3.10f1/Editor/Data/Resources/UnitySubsystems
[Subsystems] Discovering subsystems at path /home/liza/dz/unity/baobab/Assets
GLX Extensions: GLX_ARB_create_context GLX_ARB_create_context_no_error GLX_ARB_create_context_profile GLX_ARB_create_context_robustness GLX_ARB_fbconfig_float GLX_ARB_framebuffer_sRGB GLX_ARB_get_proc_address GLX_ARB_multisample GLX_EXT_buffer_age GLX_EXT_create_context_es2_profile GLX_EXT_create_context_es_profile GLX_EXT_fbconfig_packed_float GLX_EXT_framebuffer_sRGB GLX_EXT_no_config_context GLX_EXT_swap_control GLX_EXT_swap_control_tear GLX_EXT_texture_from_pixmap GLX_EXT_visual_info GLX_EXT_visual_rating GLX_MESA_copy_sub_buffer GLX_MESA_query_renderer GLX_MESA_swap_control GLX_OML_swap_method GLX_OML_sync_control GLX_SGIS_multisample GLX_SGIX_fbconfig GLX_SGIX_pbuffer GLX_SGIX_visual_select_group GLX_SGI_make_current_read GLX_SGI_video_sync 
Renderer: Mesa Intel(R) UHD Graphics 620 (WHL GT2)
Vendor:   Intel
Version:  4.6 (Core Profile) Mesa 22.0.5
GLES:     0
 GL_3DFX_texture_compression_FXT1 GL_AMD_conservative_depth GL_AMD_depth_clamp_separate GL_AMD_draw_buffers_blend GL_AMD_gpu_shader_int64 GL_AMD_multi_draw_indirect GL_AMD_performance_monitor GL_AMD_pinned_memory GL_AMD_query_buffer_object GL_AMD_seamless_cubemap_per_texture GL_AMD_shader_stencil_export GL_AMD_shader_trinary_minmax GL_AMD_texture_texture4 GL_AMD_vertex_shader_layer GL_AMD_vertex_shader_viewport_index GL_ANGLE_texture_compression_dxt3 GL_ANGLE_texture_compression_dxt5 GL_ARB_ES2_compatibility GL_ARB_ES3_1_compatibility GL_ARB_ES3_2_compatibility GL_ARB_ES3_compatibility GL_ARB_arrays_of_arrays GL_ARB_base_instance GL_ARB_blend_func_extended GL_ARB_buffer_storage GL_ARB_clear_buffer_object GL_ARB_clear_texture GL_ARB_clip_control GL_ARB_compressed_texture_pixel_storage GL_ARB_compute_shader GL_ARB_compute_variable_group_size GL_ARB_conditional_render_inverted GL_ARB_conservative_depth GL_ARB_copy_buffer GL_ARB_copy_image GL_ARB_cull_distance GL_ARB_debug_output GL_ARB_depth_buffer_float GL_ARB
_depth_clamp GL_ARB_derivative_control GL_ARB_direct_state_access GL_ARB_draw_buffers GL_ARB_draw_buffers_blend GL_ARB_draw_elements_base_vertex GL_ARB_draw_indirect GL_ARB_draw_instanced GL_ARB_enhanced_layouts GL_ARB_explicit_attrib_location GL_ARB_explicit_uniform_location GL_ARB_fragment_coord_conventions GL_ARB_fragment_layer_viewport GL_ARB_fragment_shader GL_ARB_fragment_shader_interlock GL_ARB_framebuffer_no_attachments GL_ARB_framebuffer_object GL_ARB_framebuffer_sRGB GL_ARB_get_program_binary GL_ARB_get_texture_sub_image GL_ARB_gl_spirv GL_ARB_gpu_shader5 GL_ARB_gpu_shader_fp64 GL_ARB_gpu_shader_int64 GL_ARB_half_float_pixel GL_ARB_half_float_vertex GL_ARB_indirect_parameters GL_ARB_instanced_arrays GL_ARB_internalformat_query GL_ARB_internalformat_query2 GL_ARB_invalidate_subdata GL_ARB_map_buffer_alignment GL_ARB_map_buffer_range GL_ARB_multi_bind GL_ARB_multi_draw_indirect GL_ARB_occlusion_query2 GL_ARB_parallel_shader_compile GL_ARB_pipeline_statistics_query GL_ARB_pixel_buffer_object GL_ARB_po
int_sprite GL_ARB_polygon_offset_clamp GL_ARB_post_depth_coverage GL_ARB_program_interface_query GL_ARB_provoking_vertex GL_ARB_query_buffer_object GL_ARB_robust_buffer_access_behavior GL_ARB_robustness GL_ARB_sample_shading GL_ARB_sampler_objects GL_ARB_seamless_cube_map GL_ARB_seamless_cubemap_per_texture GL_ARB_separate_shader_objects GL_ARB_shader_atomic_counter_ops GL_ARB_shader_atomic_counters GL_ARB_shader_ballot GL_ARB_shader_bit_encoding GL_ARB_shader_clock GL_ARB_shader_draw_parameters GL_ARB_shader_group_vote GL_ARB_shader_image_load_store GL_ARB_shader_image_size GL_ARB_shader_objects GL_ARB_shader_precision GL_ARB_shader_stencil_export GL_ARB_shader_storage_buffer_object GL_ARB_shader_subroutine GL_ARB_shader_texture_image_samples GL_ARB_shader_texture_lod GL_ARB_shader_viewport_layer_array GL_ARB_shading_language_420pack GL_ARB_shading_language_include GL_ARB_shading_language_packing GL_ARB_spirv_extensions GL_ARB_stencil_texturing GL_ARB_sync GL_ARB_tessellation_shader GL_ARB_texture_barrier G
L_ARB_texture_buffer_object GL_ARB_texture_buffer_object_rgb32 GL_ARB_texture_buffer_range GL_ARB_texture_compression_bptc GL_ARB_texture_compression_rgtc GL_ARB_texture_cube_map_array GL_ARB_texture_filter_anisotropic GL_ARB_texture_float GL_ARB_texture_gather GL_ARB_texture_mirror_clamp_to_edge GL_ARB_texture_multisample GL_ARB_texture_non_power_of_two GL_ARB_texture_query_levels GL_ARB_texture_query_lod GL_ARB_texture_rectangle GL_ARB_texture_rg GL_ARB_texture_rgb10_a2ui GL_ARB_texture_stencil8 GL_ARB_texture_storage GL_ARB_texture_storage_multisample GL_ARB_texture_swizzle GL_ARB_texture_view GL_ARB_timer_query GL_ARB_transform_feedback2 GL_ARB_transform_feedback3 GL_ARB_transform_feedback_instanced GL_ARB_transform_feedback_overflow_query GL_ARB_uniform_buffer_object GL_ARB_vertex_array_bgra GL_ARB_vertex_array_object GL_ARB_vertex_attrib_64bit GL_ARB_vertex_attrib_binding GL_ARB_vertex_buffer_object GL_ARB_vertex_shader GL_ARB_vertex_type_10f_11f_11f_rev GL_ARB_vertex_type_2_10_10_10_rev GL_ARB_viewpor
t_array GL_ATI_blend_equation_separate GL_ATI_texture_float GL_EXT_EGL_image_storage GL_EXT_EGL_sync GL_EXT_abgr GL_EXT_blend_equation_separate GL_EXT_demote_to_helper_invocation GL_EXT_draw_buffers2 GL_EXT_draw_instanced GL_EXT_framebuffer_blit GL_EXT_framebuffer_multisample GL_EXT_framebuffer_multisample_blit_scaled GL_EXT_framebuffer_object GL_EXT_framebuffer_sRGB GL_EXT_memory_object GL_EXT_memory_object_fd GL_EXT_packed_depth_stencil GL_EXT_packed_float GL_EXT_pixel_buffer_object GL_EXT_polygon_offset_clamp GL_EXT_provoking_vertex GL_EXT_semaphore GL_EXT_semaphore_fd GL_EXT_shader_framebuffer_fetch GL_EXT_shader_framebuffer_fetch_non_coherent GL_EXT_shader_integer_mix GL_EXT_shader_samples_identical GL_EXT_texture_array GL_EXT_texture_compression_dxt1 GL_EXT_texture_compression_rgtc GL_EXT_texture_compression_s3tc GL_EXT_texture_filter_anisotropic GL_EXT_texture_integer GL_EXT_texture_sRGB GL_EXT_texture_sRGB_R8 GL_EXT_texture_sRGB_decode GL_EXT_texture_shadow_lod GL_EXT_texture_shared_exponent GL_EXT_t
exture_snorm GL_EXT_texture_swizzle GL_EXT_timer_query GL_EXT_transform_feedback GL_EXT_vertex_array_bgra GL_EXT_vertex_attrib_64bit GL_IBM_multimode_draw_arrays GL_INTEL_blackhole_render GL_INTEL_conservative_rasterization GL_INTEL_performance_query GL_INTEL_shader_atomic_float_minmax GL_INTEL_shader_integer_functions2 GL_KHR_blend_equation_advanced GL_KHR_blend_equation_advanced_coherent GL_KHR_context_flush_control GL_KHR_debug GL_KHR_no_error GL_KHR_parallel_shader_compile GL_KHR_robust_buffer_access_behavior GL_KHR_robustness GL_KHR_texture_compression_astc_ldr GL_KHR_texture_compression_astc_sliced_3d GL_MESA_framebuffer_flip_y GL_MESA_pack_invert GL_MESA_shader_integer_functions GL_MESA_texture_signed_rgba GL_NV_compute_shader_derivatives GL_NV_conditional_render GL_NV_copy_image GL_NV_depth_clamp GL_NV_fragment_shader_interlock GL_NV_packed_depth_stencil GL_NV_texture_barrier GL_OES_EGL_image GL_S3_s3tc
OPENGL LOG: Creating OpenGL 4.6 graphics device ; Context level  <OpenGL 4.5> ; Context handle 1775154352
Initialize mono
Mono path[0] = '/home/liza/apps/Unity/Hub/Editor/2021.3.10f1/Editor/Data/Managed'
Mono path[1] = '/home/liza/apps/Unity/Hub/Editor/2021.3.10f1/Editor/Data/MonoBleedingEdge/lib/mono/unityjit-linux'
Mono config path = '/home/liza/apps/Unity/Hub/Editor/2021.3.10f1/Editor/Data/MonoBleedingEdge/etc'
Using monoOptions --debugger-agent=transport=dt_socket,embedding=1,server=y,suspend=n,address=127.0.0.1:56917
Begin MonoManager ReloadAssembly
Registering precompiled unity dll's ...
Register platform support module: /home/liza/apps/Unity/Hub/Editor/2021.3.10f1/Editor/Data/PlaybackEngines/LinuxStandaloneSupport/UnityEditor.LinuxStandalone.Extensions.dll
Registered in 0,005313 seconds.
Native extension for LinuxStandalone target not found
Refreshing native plugins compatible for Editor in 106,16 ms, found 1 plugins.
Preloading 0 native plugins for Editor in 0,00 ms.
Mono: successfully reloaded assembly
- Completed reload, in  0,643 seconds
Domain Reload Profiling:
	ReloadAssembly (644ms)
		BeginReloadAssembly (48ms)
			ExecutionOrderSort (0ms)
			DisableScriptedObjects (0ms)
			BackupInstance (0ms)
			ReleaseScriptingObjects (0ms)
			CreateAndSetChildDomain (1ms)
		EndReloadAssembly (488ms)
			LoadAssemblies (47ms)
			RebuildTransferFunctionScriptingTraits (0ms)
			SetupTypeCache (107ms)
			ReleaseScriptCaches (0ms)
			RebuildScriptCaches (32ms)
			SetupLoadedEditorAssemblies (298ms)
				LogAssemblyErrors (0ms)
				InitializePlatformSupportModulesInManaged (8ms)
				SetLoadedEditorAssemblies (0ms)
				RefreshPlugins (106ms)
				BeforeProcessingInitializeOnLoad (1ms)
				ProcessInitializeOnLoadAttributes (141ms)
				ProcessInitializeOnLoadMethodAttributes (42ms)
				AfterProcessingInitializeOnLoad (0ms)
				EditorAssembliesLoaded (0ms)
			ExecutionOrderSort2 (0ms)
			AwakeInstancesAfterBackupRestoration (0ms)
Platform modules already initialized, skipping
Registering precompiled user dll's ...
Registered in 0,003602 seconds.
Begin MonoManager ReloadAssembly
Symbol file LoadedFromMemory doesn't match image /home/liza/dz/unity/baobab/Library/PackageCache/com.unity.visualscripting@1.7.8/Editor/VisualScripting.Core/Dependencies/YamlDotNet/Unity.VisualScripting.YamlDotNet.dll
Symbol file LoadedFromMemory doesn't match image /home/liza/dz/unity/baobab/Library/PackageCache/com.unity.visualscripting@1.7.8/Editor/VisualScripting.Core/Dependencies/DotNetZip/Unity.VisualScripting.IonicZip.dll
Native extension for LinuxStandalone target not found
Refreshing native plugins compatible for Editor in 100,80 ms, found 1 plugins.
Preloading 0 native plugins for Editor in 0,00 ms.
Mono: successfully reloaded assembly
- Completed reload, in  1,097 seconds
Domain Reload Profiling:
	ReloadAssembly (1098ms)
		BeginReloadAssembly (88ms)
			ExecutionOrderSort (0ms)
			DisableScriptedObjects (6ms)
			BackupInstance (0ms)
			ReleaseScriptingObjects (0ms)
			CreateAndSetChildDomain (17ms)
		EndReloadAssembly (893ms)
			LoadAssemblies (53ms)
			RebuildTransferFunctionScriptingTraits (0ms)
			SetupTypeCache (244ms)
			ReleaseScriptCaches (1ms)
			RebuildScriptCaches (58ms)
			SetupLoadedEditorAssemblies (480ms)
				LogAssemblyErrors (0ms)
				InitializePlatformSupportModulesInManaged (5ms)
				SetLoadedEditorAssemblies (0ms)
				RefreshPlugins (101ms)
				BeforeProcessingInitializeOnLoad (84ms)
				ProcessInitializeOnLoadAttributes (240ms)
				ProcessInitializeOnLoadMethodAttributes (43ms)
				AfterProcessingInitializeOnLoad (7ms)
				EditorAssembliesLoaded (0ms)
			ExecutionOrderSort2 (0ms)
			AwakeInstancesAfterBackupRestoration (4ms)
Platform modules already initialized, skipping
========================================================================
Worker process is ready to serve import requests
Launched and connected shader compiler UnityShaderCompiler after 0.01 seconds
Refreshing native plugins compatible for Editor in 0,71 ms, found 1 plugins.
Preloading 0 native plugins for Editor in 0,00 ms.
Unloading 4068 Unused Serialized files (Serialized files now loaded: 0)
Unloading 44 unused Assets / (144,0 KB). Loaded Objects now: 4518.
Memory consumption went from 146,9 MB to 146,8 MB.
Total: 4,095436 ms (FindLiveObjects: 0,297535 ms CreateObjectMapping: 0,265199 ms MarkObjects: 3,309367 ms  DeleteObjects: 0,221845 ms)

AssetImportParameters requested are different than current active one (requested -> active):
  custom:video-decoder-ogg-theora: a1e56fd34408186e4bbccfd4996cb3dc -> 
  custom:container-muxer-webm: aa71ff27fc2769a1b78a27578f13a17b -> 
  custom:container-demuxer-webm: 4f35f7cbe854078d1ac9338744f61a02 -> 
  custom:video-encoder-webm-vp8: eb34c28f22e8b96e1ab97ce403110664 -> 
  custom:audio-encoder-webm-vorbis: bf7c407c2cedff20999df2af8eb42d56 -> 
  custom:container-demuxer-ogg: 62fdf1f143b41e24485cea50d1cbac27 -> 
  custom:video-decoder-webm-vp8: 9c59270c3fd7afecdb556c50c9e8de78 -> 
  custom:audio-decoder-ogg-vorbis: bf7c407c2cedff20999df2af8eb42d56 -> 
========================================================================
Received Import Request.
  Time since last request: 1786,867430 seconds.
  path: Assets/Resourses/Players/5000_player/idle/idle-2.png
  artifactKey: Guid(e8493b1e5cd661a26820a6bb8d46e953) Importer(815301076,1909f56bfc062723c751e8b465ee728b)
Start importing Assets/Resourses/Players/5000_player/idle/idle-2.png using Guid(e8493b1e5cd661a26820a6bb8d46e953) Importer(815301076,1909f56bfc062723c751e8b465ee728b)  -> (artifact id: '230eecc08803acd2c80de33ee54b8b70') in 0,076070 seconds 
========================================================================
Received Import Request.
  Time since last request: 23,240520 seconds.
  path: Assets/Resourses/Players/5000_player/idle/idle-2.png
  artifactKey: Guid(e8493b1e5cd661a26820a6bb8d46e953) Importer(815301076,1909f56bfc062723c751e8b465ee728b)
Start importing Assets/Resourses/Players/5000_player/idle/idle-2.png using Guid(e8493b1e5cd661a26820a6bb8d46e953) Importer(815301076,1909f56bfc062723c751e8b465ee728b)  -> (artifact id: 'd4ec41211d6c67e7fa7030a88d6503b0') in 0,010310 seconds 
========================================================================
Received Import Request.
  Time since last request: 63,904307 seconds.
  path: Assets/Resourses/Players/5000_player/idle/idle-2.png
  artifactKey: Guid(e8493b1e5cd661a26820a6bb8d46e953) Importer(815301076,1909f56bfc062723c751e8b465ee728b)
Start importing Assets/Resourses/Players/5000_player/idle/idle-2.png using Guid(e8493b1e5cd661a26820a6bb8d46e953) Importer(815301076,1909f56bfc062723c751e8b465ee728b)  -> (artifact id: '1b8dd86d9fe007a51cff5edcedd94ae3') in 0,010704 seconds 
========================================================================
Received Prepare
Registering precompiled user dll's ...
Registered in 0,003801 seconds.
Begin MonoManager ReloadAssembly
Symbol file LoadedFromMemory doesn't match image /home/liza/dz/unity/baobab/Library/PackageCache/com.unity.visualscripting@1.7.8/Editor/VisualScripting.Core/Dependencies/YamlDotNet/Unity.VisualScripting.YamlDotNet.dll
Symbol file LoadedFromMemory doesn't match image /home/liza/dz/unity/baobab/Library/PackageCache/com.unity.visualscripting@1.7.8/Editor/VisualScripting.Core/Dependencies/DotNetZip/Unity.VisualScripting.IonicZip.dll
Native extension for LinuxStandalone target not found
Refreshing native plugins compatible for Editor in 0,80 ms, found 1 plugins.
Preloading 0 native plugins for Editor in 0,00 ms.
Mono: successfully reloaded assembly
- Completed reload, in  0,989 seconds
Domain Reload Profiling:
	ReloadAssembly (990ms)
		BeginReloadAssembly (111ms)
			ExecutionOrderSort (0ms)
			DisableScriptedObjects (7ms)
			BackupInstance (0ms)
			ReleaseScriptingObjects (0ms)
			CreateAndSetChildDomain (37ms)
		EndReloadAssembly (776ms)
			LoadAssemblies (60ms)
			RebuildTransferFunctionScriptingTraits (0ms)
			SetupTypeCache (272ms)
			ReleaseScriptCaches (1ms)
			RebuildScriptCaches (48ms)
			SetupLoadedEditorAssemblies (332ms)
				LogAssemblyErrors (0ms)
				InitializePlatformSupportModulesInManaged (10ms)
				SetLoadedEditorAssemblies (0ms)
				RefreshPlugins (1ms)
				BeforeProcessingInitializeOnLoad (65ms)
				ProcessInitializeOnLoadAttributes (214ms)
				ProcessInitializeOnLoadMethodAttributes (37ms)
				AfterProcessingInitializeOnLoad (5ms)
				EditorAssembliesLoaded (0ms)
			ExecutionOrderSort2 (0ms)
			AwakeInstancesAfterBackupRestoration (6ms)
Platform modules already initialized, skipping
Refreshing native plugins compatible for Editor in 1,71 ms, found 1 plugins.
Preloading 0 native plugins for Editor in 0,00 ms.
Unloading 4063 Unused Serialized files (Serialized files now loaded: 0)
Unloading 31 unused Assets / (127,3 KB). Loaded Objects now: 4528.
Memory consumption went from 149,0 MB to 148,9 MB.
Total: 3,752079 ms (FindLiveObjects: 0,288338 ms CreateObjectMapping: 0,217850 ms MarkObjects: 2,967606 ms  DeleteObjects: 0,277228 ms)

AssetImportParameters requested are different than current active one (requested -> active):
  custom:video-decoder-ogg-theora: a1e56fd34408186e4bbccfd4996cb3dc -> 
  custom:container-muxer-webm: aa71ff27fc2769a1b78a27578f13a17b -> 
  custom:container-demuxer-webm: 4f35f7cbe854078d1ac9338744f61a02 -> 
  custom:video-encoder-webm-vp8: eb34c28f22e8b96e1ab97ce403110664 -> 
  custom:audio-encoder-webm-vorbis: bf7c407c2cedff20999df2af8eb42d56 -> 
  custom:container-demuxer-ogg: 62fdf1f143b41e24485cea50d1cbac27 -> 
  custom:video-decoder-webm-vp8: 9c59270c3fd7afecdb556c50c9e8de78 -> 
  custom:audio-decoder-ogg-vorbis: bf7c407c2cedff20999df2af8eb42d56 -> 
========================================================================
Received Import Request.
  Time since last request: 512,967434 seconds.
  path: Assets/Resourses/Players/Animation/5000_player/idle.anim
  artifactKey: Guid(f72e062b53b415f3a9fc5e14b13908c3) Importer(815301076,1909f56bfc062723c751e8b465ee728b)
Start importing Assets/Resourses/Players/Animation/5000_player/idle.anim using Guid(f72e062b53b415f3a9fc5e14b13908c3) Importer(815301076,1909f56bfc062723c751e8b465ee728b)  -> (artifact id: 'c9601959cbb0d10fceca132ec5998bd0') in 0,012424 seconds 
========================================================================
Received Prepare
Registering precompiled user dll's ...
Registered in 0,005103 seconds.
Begin MonoManager ReloadAssembly
Symbol file LoadedFromMemory doesn't match image /home/liza/dz/unity/baobab/Library/PackageCache/com.unity.visualscripting@1.7.8/Editor/VisualScripting.Core/Dependencies/YamlDotNet/Unity.VisualScripting.YamlDotNet.dll
Symbol file LoadedFromMemory doesn't match image /home/liza/dz/unity/baobab/Library/PackageCache/com.unity.visualscripting@1.7.8/Editor/VisualScripting.Core/Dependencies/DotNetZip/Unity.VisualScripting.IonicZip.dll
Native extension for LinuxStandalone target not found
Refreshing native plugins compatible for Editor in 0,73 ms, found 1 plugins.
Preloading 0 native plugins for Editor in 0,00 ms.
Mono: successfully reloaded assembly
- Completed reload, in  0,931 seconds
Domain Reload Profiling:
	ReloadAssembly (932ms)
		BeginReloadAssembly (106ms)
			ExecutionOrderSort (0ms)
			DisableScriptedObjects (11ms)
			BackupInstance (0ms)
			ReleaseScriptingObjects (0ms)
			CreateAndSetChildDomain (35ms)
		EndReloadAssembly (726ms)
			LoadAssemblies (45ms)
			RebuildTransferFunctionScriptingTraits (0ms)
			SetupTypeCache (229ms)
			ReleaseScriptCaches (2ms)
			RebuildScriptCaches (48ms)
			SetupLoadedEditorAssemblies (336ms)
				LogAssemblyErrors (0ms)
				InitializePlatformSupportModulesInManaged (10ms)
				SetLoadedEditorAssemblies (0ms)
				RefreshPlugins (1ms)
				BeforeProcessingInitializeOnLoad (65ms)
				ProcessInitializeOnLoadAttributes (219ms)
				ProcessInitializeOnLoadMethodAttributes (36ms)
				AfterProcessingInitializeOnLoad (6ms)
				EditorAssembliesLoaded (0ms)
			ExecutionOrderSort2 (0ms)
			AwakeInstancesAfterBackupRestoration (6ms)
Platform modules already initialized, skipping
Refreshing native plugins compatible for Editor in 1,77 ms, found 1 plugins.
Preloading 0 native plugins for Editor in 0,00 ms.
Unloading 4063 Unused Serialized files (Serialized files now loaded: 0)
Unloading 31 unused Assets / (127,5 KB). Loaded Objects now: 4531.
Memory consumption went from 149,0 MB to 148,9 MB.
Total: 3,688513 ms (FindLiveObjects: 0,256492 ms CreateObjectMapping: 0,180835 ms MarkObjects: 2,951453 ms  DeleteObjects: 0,298956 ms)

AssetImportParameters requested are different than current active one (requested -> active):
  custom:video-decoder-ogg-theora: a1e56fd34408186e4bbccfd4996cb3dc -> 
  custom:container-muxer-webm: aa71ff27fc2769a1b78a27578f13a17b -> 
  custom:container-demuxer-webm: 4f35f7cbe854078d1ac9338744f61a02 -> 
  custom:video-encoder-webm-vp8: eb34c28f22e8b96e1ab97ce403110664 -> 
  custom:audio-encoder-webm-vorbis: bf7c407c2cedff20999df2af8eb42d56 -> 
  custom:container-demuxer-ogg: 62fdf1f143b41e24485cea50d1cbac27 -> 
  custom:video-decoder-webm-vp8: 9c59270c3fd7afecdb556c50c9e8de78 -> 
  custom:audio-decoder-ogg-vorbis: bf7c407c2cedff20999df2af8eb42d56 -> 
========================================================================
Received Prepare
Registering precompiled user dll's ...
Registered in 0,003645 seconds.
Begin MonoManager ReloadAssembly
Symbol file LoadedFromMemory doesn't match image /home/liza/dz/unity/baobab/Library/PackageCache/com.unity.visualscripting@1.7.8/Editor/VisualScripting.Core/Dependencies/YamlDotNet/Unity.VisualScripting.YamlDotNet.dll
Symbol file LoadedFromMemory doesn't match image /home/liza/dz/unity/baobab/Library/PackageCache/com.unity.visualscripting@1.7.8/Editor/VisualScripting.Core/Dependencies/DotNetZip/Unity.VisualScripting.IonicZip.dll
Native extension for LinuxStandalone target not found
Refreshing native plugins compatible for Editor in 0,75 ms, found 1 plugins.
Preloading 0 native plugins for Editor in 0,00 ms.
Mono: successfully reloaded assembly
- Completed reload, in  1,018 seconds
Domain Reload Profiling:
	ReloadAssembly (1018ms)
		BeginReloadAssembly (118ms)
			ExecutionOrderSort (0ms)
			DisableScriptedObjects (7ms)
			BackupInstance (0ms)
			ReleaseScriptingObjects (0ms)
			CreateAndSetChildDomain (44ms)
		EndReloadAssembly (775ms)
			LoadAssemblies (47ms)
			RebuildTransferFunctionScriptingTraits (0ms)
			SetupTypeCache (262ms)
			ReleaseScriptCaches (1ms)
			RebuildScriptCaches (52ms)
			SetupLoadedEditorAssemblies (344ms)
				LogAssemblyErrors (0ms)
				InitializePlatformSupportModulesInManaged (10ms)
				SetLoadedEditorAssemblies (0ms)
				RefreshPlugins (1ms)
				BeforeProcessingInitializeOnLoad (66ms)
				ProcessInitializeOnLoadAttributes (224ms)
				ProcessInitializeOnLoadMethodAttributes (37ms)
				AfterProcessingInitializeOnLoad (5ms)
				EditorAssembliesLoaded (0ms)
			ExecutionOrderSort2 (0ms)
			AwakeInstancesAfterBackupRestoration (6ms)
Platform modules already initialized, skipping
Refreshing native plugins compatible for Editor in 1,76 ms, found 1 plugins.
Preloading 0 native plugins for Editor in 0,00 ms.
Unloading 4063 Unused Serialized files (Serialized files now loaded: 0)
Unloading 31 unused Assets / (127,1 KB). Loaded Objects now: 4534.
Memory consumption went from 149,0 MB to 148,9 MB.
Total: 3,805206 ms (FindLiveObjects: 0,248258 ms CreateObjectMapping: 0,213415 ms MarkObjects: 3,036159 ms  DeleteObjects: 0,306241 ms)

AssetImportParameters requested are different than current active one (requested -> active):
  custom:video-decoder-ogg-theora: a1e56fd34408186e4bbccfd4996cb3dc -> 
  custom:container-muxer-webm: aa71ff27fc2769a1b78a27578f13a17b -> 
  custom:container-demuxer-webm: 4f35f7cbe854078d1ac9338744f61a02 -> 
  custom:video-encoder-webm-vp8: eb34c28f22e8b96e1ab97ce403110664 -> 
  custom:audio-encoder-webm-vorbis: bf7c407c2cedff20999df2af8eb42d56 -> 
  custom:container-demuxer-ogg: 62fdf1f143b41e24485cea50d1cbac27 -> 
  custom:video-decoder-webm-vp8: 9c59270c3fd7afecdb556c50c9e8de78 -> 
  custom:audio-decoder-ogg-vorbis: bf7c407c2cedff20999df2af8eb42d56 -> 
========================================================================
Received Prepare
Registering precompiled user dll's ...
Registered in 0,003678 seconds.
Begin MonoManager ReloadAssembly
Symbol file LoadedFromMemory doesn't match image /home/liza/dz/unity/baobab/Library/PackageCache/com.unity.visualscripting@1.7.8/Editor/VisualScripting.Core/Dependencies/YamlDotNet/Unity.VisualScripting.YamlDotNet.dll
Symbol file LoadedFromMemory doesn't match image /home/liza/dz/unity/baobab/Library/PackageCache/com.unity.visualscripting@1.7.8/Editor/VisualScripting.Core/Dependencies/DotNetZip/Unity.VisualScripting.IonicZip.dll
Native extension for LinuxStandalone target not found
Refreshing native plugins compatible for Editor in 0,83 ms, found 1 plugins.
Preloading 0 native plugins for Editor in 0,00 ms.
Mono: successfully reloaded assembly
- Completed reload, in  0,975 seconds
Domain Reload Profiling:
	ReloadAssembly (976ms)
		BeginReloadAssembly (104ms)
			ExecutionOrderSort (0ms)
			DisableScriptedObjects (7ms)
			BackupInstance (0ms)
			ReleaseScriptingObjects (0ms)
			CreateAndSetChildDomain (35ms)
		EndReloadAssembly (766ms)
			LoadAssemblies (51ms)
			RebuildTransferFunctionScriptingTraits (0ms)
			SetupTypeCache (266ms)
			ReleaseScriptCaches (1ms)
			RebuildScriptCaches (48ms)
			SetupLoadedEditorAssemblies (337ms)
				LogAssemblyErrors (0ms)
				InitializePlatformSupportModulesInManaged (11ms)
				SetLoadedEditorAssemblies (1ms)
				RefreshPlugins (1ms)
				BeforeProcessingInitializeOnLoad (65ms)
				ProcessInitializeOnLoadAttributes (217ms)
				ProcessInitializeOnLoadMethodAttributes (37ms)
				AfterProcessingInitializeOnLoad (5ms)
				EditorAssembliesLoaded (0ms)
			ExecutionOrderSort2 (0ms)
			AwakeInstancesAfterBackupRestoration (6ms)
Platform modules already initialized, skipping
Refreshing native plugins compatible for Editor in 2,04 ms, found 1 plugins.
Preloading 0 native plugins for Editor in 0,00 ms.
Unloading 4063 Unused Serialized files (Serialized files now loaded: 0)
Unloading 31 unused Assets / (127,1 KB). Loaded Objects now: 4537.
Memory consumption went from 149,0 MB to 148,9 MB.
Total: 3,722988 ms (FindLiveObjects: 0,250258 ms CreateObjectMapping: 0,190662 ms MarkObjects: 2,968478 ms  DeleteObjects: 0,312654 ms)

AssetImportParameters requested are different than current active one (requested -> active):
  custom:video-decoder-ogg-theora: a1e56fd34408186e4bbccfd4996cb3dc -> 
  custom:container-muxer-webm: aa71ff27fc2769a1b78a27578f13a17b -> 
  custom:container-demuxer-webm: 4f35f7cbe854078d1ac9338744f61a02 -> 
  custom:video-encoder-webm-vp8: eb34c28f22e8b96e1ab97ce403110664 -> 
  custom:audio-encoder-webm-vorbis: bf7c407c2cedff20999df2af8eb42d56 -> 
  custom:container-demuxer-ogg: 62fdf1f143b41e24485cea50d1cbac27 -> 
  custom:video-decoder-webm-vp8: 9c59270c3fd7afecdb556c50c9e8de78 -> 
  custom:audio-decoder-ogg-vorbis: bf7c407c2cedff20999df2af8eb42d56 -> 
========================================================================
Received Import Request.
  Time since last request: 1173,101214 seconds.
  path: Assets/Resourses/Players/Animation/5000_player/idle.anim
  artifactKey: Guid(f72e062b53b415f3a9fc5e14b13908c3) Importer(815301076,1909f56bfc062723c751e8b465ee728b)
Start importing Assets/Resourses/Players/Animation/5000_player/idle.anim using Guid(f72e062b53b415f3a9fc5e14b13908c3) Importer(815301076,1909f56bfc062723c751e8b465ee728b)  -> (artifact id: '103e3b5c26ad0b279b21592fc7157304') in 0,018919 seconds 
========================================================================
Received Import Request.
  Time since last request: 32,516841 seconds.
  path: Assets/Resourses/Players/Animation/5000_player/run.anim
  artifactKey: Guid(ec6c6ce6dcd373678bee2e12fb081415) Importer(815301076,1909f56bfc062723c751e8b465ee728b)
Start importing Assets/Resourses/Players/Animation/5000_player/run.anim using Guid(ec6c6ce6dcd373678bee2e12fb081415) Importer(815301076,1909f56bfc062723c751e8b465ee728b)  -> (artifact id: '049a1a533dc22ea8c6f9dfe4bf49e42d') in 0,001170 seconds 
========================================================================
Received Import Request.
  Time since last request: 67,736443 seconds.
  path: Assets/Resourses/Players/5000_player/run/run-0.png
  artifactKey: Guid(8b4668c355e3301d2b832cbad054b706) Importer(815301076,1909f56bfc062723c751e8b465ee728b)
Start importing Assets/Resourses/Players/5000_player/run/run-0.png using Guid(8b4668c355e3301d2b832cbad054b706) Importer(815301076,1909f56bfc062723c751e8b465ee728b)  -> (artifact id: 'a5c40976f50eba9a81acb3f452f3ad6f') in 0,047170 seconds 
========================================================================
Received Import Request.
  Time since last request: 0,000014 seconds.
  path: Assets/Resourses/Players/5000_player/run/run-7.png
  artifactKey: Guid(de6e0b0422bdb261d8beeb9f92668ebc) Importer(815301076,1909f56bfc062723c751e8b465ee728b)
Start importing Assets/Resourses/Players/5000_player/run/run-7.png using Guid(de6e0b0422bdb261d8beeb9f92668ebc) Importer(815301076,1909f56bfc062723c751e8b465ee728b)  -> (artifact id: '577cacc5edfc9d3e40af1403ec0bf3a3') in 0,019868 seconds 
========================================================================
Received Import Request.
  Time since last request: 0,000021 seconds.
  path: Assets/Resourses/Players/5000_player/run/run-5.png
  artifactKey: Guid(bc1a5c16432f53ab7b5e8d3c5ed3a786) Importer(815301076,1909f56bfc062723c751e8b465ee728b)
Start importing Assets/Resourses/Players/5000_player/run/run-5.png using Guid(bc1a5c16432f53ab7b5e8d3c5ed3a786) Importer(815301076,1909f56bfc062723c751e8b465ee728b)  -> (artifact id: 'd072383ad1e5411e7277b1e02848e107') in 0,017494 seconds 
========================================================================
Received Import Request.
  Time since last request: 0,000021 seconds.
  path: Assets/Resourses/Players/5000_player/run/run-2.png
  artifactKey: Guid(d1fe8c27f7231d4aab41df52dfa05255) Importer(815301076,1909f56bfc062723c751e8b465ee728b)
Start importing Assets/Resourses/Players/5000_player/run/run-2.png using Guid(d1fe8c27f7231d4aab41df52dfa05255) Importer(815301076,1909f56bfc062723c751e8b465ee728b)  -> (artifact id: '2262d31fc162be94d9131b80a5c48e6c') in 0,012789 seconds 
========================================================================
Received Import Request.
  Time since last request: 99,554334 seconds.
  path: Assets/Resourses/Players/5000_player/run/run-0.png
  artifactKey: Guid(8b4668c355e3301d2b832cbad054b706) Importer(815301076,1909f56bfc062723c751e8b465ee728b)
Start importing Assets/Resourses/Players/5000_player/run/run-0.png using Guid(8b4668c355e3301d2b832cbad054b706) Importer(815301076,1909f56bfc062723c751e8b465ee728b)  -> (artifact id: '188f5247181dc21b07e3681cf894c87c') in 0,010094 seconds 
========================================================================
Received Import Request.
  Time since last request: 16,329888 seconds.
  path: Assets/Resourses/Players/5000_player/run/run-0.png
  artifactKey: Guid(8b4668c355e3301d2b832cbad054b706) Importer(815301076,1909f56bfc062723c751e8b465ee728b)
Start importing Assets/Resourses/Players/5000_player/run/run-0.png using Guid(8b4668c355e3301d2b832cbad054b706) Importer(815301076,1909f56bfc062723c751e8b465ee728b)  -> (artifact id: '61dc69d873612600fbcdbc9e11d25c94') in 0,009395 seconds 
========================================================================
Received Import Request.
  Time since last request: 320,606422 seconds.
  path: Assets/Resourses/Players/5000_player/run/run-1.png
  artifactKey: Guid(e1e47df67242ee7a08f935d1a42eab7a) Importer(815301076,1909f56bfc062723c751e8b465ee728b)
Start importing Assets/Resourses/Players/5000_player/run/run-1.png using Guid(e1e47df67242ee7a08f935d1a42eab7a) Importer(815301076,1909f56bfc062723c751e8b465ee728b)  -> (artifact id: '20c9bd4b9046a0c11ab7806968b3809b') in 0,010095 seconds 
========================================================================
Received Import Request.
  Time since last request: 10,398144 seconds.
  path: Assets/Resourses/Players/5000_player/run/run-2.png
  artifactKey: Guid(d1fe8c27f7231d4aab41df52dfa05255) Importer(815301076,1909f56bfc062723c751e8b465ee728b)
Start importing Assets/Resourses/Players/5000_player/run/run-2.png using Guid(d1fe8c27f7231d4aab41df52dfa05255) Importer(815301076,1909f56bfc062723c751e8b465ee728b)  -> (artifact id: '94a2328c9464229691ac24a431c00b1c') in 0,010559 seconds 
========================================================================
Received Import Request.
  Time since last request: 14,582147 seconds.
  path: Assets/Resourses/Players/5000_player/run/run-3.png
  artifactKey: Guid(347b0a062e33fcd45a6aa508136255df) Importer(815301076,1909f56bfc062723c751e8b465ee728b)
Start importing Assets/Resourses/Players/5000_player/run/run-3.png using Guid(347b0a062e33fcd45a6aa508136255df) Importer(815301076,1909f56bfc062723c751e8b465ee728b)  -> (artifact id: '5a1a546586cc306c2dfc19c3c3a78bf8') in 0,010172 seconds 
========================================================================
Received Import Request.
  Time since last request: 10,118811 seconds.
  path: Assets/Resourses/Players/5000_player/run/run-4.png
  artifactKey: Guid(77c8a2893bcee4ca19c1079f029c04da) Importer(815301076,1909f56bfc062723c751e8b465ee728b)
Start importing Assets/Resourses/Players/5000_player/run/run-4.png using Guid(77c8a2893bcee4ca19c1079f029c04da) Importer(815301076,1909f56bfc062723c751e8b465ee728b)  -> (artifact id: 'a234b859050bc87717a80ee7c804d4ee') in 0,009910 seconds 
========================================================================
Received Import Request.
  Time since last request: 23,057656 seconds.
  path: Assets/Resourses/Players/5000_player/run/run-5.png
  artifactKey: Guid(bc1a5c16432f53ab7b5e8d3c5ed3a786) Importer(815301076,1909f56bfc062723c751e8b465ee728b)
Start importing Assets/Resourses/Players/5000_player/run/run-5.png using Guid(bc1a5c16432f53ab7b5e8d3c5ed3a786) Importer(815301076,1909f56bfc062723c751e8b465ee728b)  -> (artifact id: '73423191d45da6b7755b3a7a36b84ee1') in 0,010239 seconds 
========================================================================
Received Import Request.
  Time since last request: 8,952559 seconds.
  path: Assets/Resourses/Players/5000_player/run/run-6.png
  artifactKey: Guid(8d20df42120fc4132a85bb5356ed79c8) Importer(815301076,1909f56bfc062723c751e8b465ee728b)
Start importing Assets/Resourses/Players/5000_player/run/run-6.png using Guid(8d20df42120fc4132a85bb5356ed79c8) Importer(815301076,1909f56bfc062723c751e8b465ee728b)  -> (artifact id: '8e0ec84803f3b801df0ec7226d496d16') in 0,009642 seconds 
========================================================================
Received Import Request.
  Time since last request: 8,009285 seconds.
  path: Assets/Resourses/Players/5000_player/run/run-7.png
  artifactKey: Guid(de6e0b0422bdb261d8beeb9f92668ebc) Importer(815301076,1909f56bfc062723c751e8b465ee728b)
Start importing Assets/Resourses/Players/5000_player/run/run-7.png using Guid(de6e0b0422bdb261d8beeb9f92668ebc) Importer(815301076,1909f56bfc062723c751e8b465ee728b)  -> (artifact id: '5d3d47709885c74794bc702a0b71e158') in 0,013205 seconds 
========================================================================
Received Prepare
Registering precompiled user dll's ...
Registered in 0,003570 seconds.
Begin MonoManager ReloadAssembly
Symbol file LoadedFromMemory doesn't match image /home/liza/dz/unity/baobab/Library/PackageCache/com.unity.visualscripting@1.7.8/Editor/VisualScripting.Core/Dependencies/YamlDotNet/Unity.VisualScripting.YamlDotNet.dll
Symbol file LoadedFromMemory doesn't match image /home/liza/dz/unity/baobab/Library/PackageCache/com.unity.visualscripting@1.7.8/Editor/VisualScripting.Core/Dependencies/DotNetZip/Unity.VisualScripting.IonicZip.dll
Native extension for LinuxStandalone target not found
Refreshing native plugins compatible for Editor in 0,73 ms, found 1 plugins.
Preloading 0 native plugins for Editor in 0,00 ms.
Mono: successfully reloaded assembly
- Completed reload, in  0,982 seconds
Domain Reload Profiling:
	ReloadAssembly (982ms)
		BeginReloadAssembly (106ms)
			ExecutionOrderSort (0ms)
			DisableScriptedObjects (7ms)
			BackupInstance (0ms)
			ReleaseScriptingObjects (0ms)
			CreateAndSetChildDomain (38ms)
		EndReloadAssembly (770ms)
			LoadAssemblies (53ms)
			RebuildTransferFunctionScriptingTraits (0ms)
			SetupTypeCache (253ms)
			ReleaseScriptCaches (1ms)
			RebuildScriptCaches (51ms)
			SetupLoadedEditorAssemblies (343ms)
				LogAssemblyErrors (0ms)
				InitializePlatformSupportModulesInManaged (10ms)
				SetLoadedEditorAssemblies (0ms)
				RefreshPlugins (1ms)
				BeforeProcessingInitializeOnLoad (64ms)
				ProcessInitializeOnLoadAttributes (224ms)
				ProcessInitializeOnLoadMethodAttributes (38ms)
				AfterProcessingInitializeOnLoad (5ms)
				EditorAssembliesLoaded (0ms)
			ExecutionOrderSort2 (0ms)
			AwakeInstancesAfterBackupRestoration (6ms)
Platform modules already initialized, skipping
Refreshing native plugins compatible for Editor in 1,76 ms, found 1 plugins.
Preloading 0 native plugins for Editor in 0,00 ms.
Unloading 4063 Unused Serialized files (Serialized files now loaded: 0)
Unloading 31 unused Assets / (127,2 KB). Loaded Objects now: 4540.
Memory consumption went from 149,1 MB to 148,9 MB.
Total: 3,580929 ms (FindLiveObjects: 0,268431 ms CreateObjectMapping: 0,184026 ms MarkObjects: 2,839663 ms  DeleteObjects: 0,287889 ms)

AssetImportParameters requested are different than current active one (requested -> active):
  custom:video-decoder-ogg-theora: a1e56fd34408186e4bbccfd4996cb3dc -> 
  custom:container-muxer-webm: aa71ff27fc2769a1b78a27578f13a17b -> 
  custom:container-demuxer-webm: 4f35f7cbe854078d1ac9338744f61a02 -> 
  custom:video-encoder-webm-vp8: eb34c28f22e8b96e1ab97ce403110664 -> 
  custom:audio-encoder-webm-vorbis: bf7c407c2cedff20999df2af8eb42d56 -> 
  custom:container-demuxer-ogg: 62fdf1f143b41e24485cea50d1cbac27 -> 
  custom:video-decoder-webm-vp8: 9c59270c3fd7afecdb556c50c9e8de78 -> 
  custom:audio-decoder-ogg-vorbis: bf7c407c2cedff20999df2af8eb42d56 -> 
========================================================================
Received Import Request.
  Time since last request: 1519,513981 seconds.
  path: Assets/Resourses/Players/5000_player/jump/jump-0.png
  artifactKey: Guid(773b8b771a70ddb949c697a2f1953c47) Importer(815301076,1909f56bfc062723c751e8b465ee728b)
Start importing Assets/Resourses/Players/5000_player/jump/jump-0.png using Guid(773b8b771a70ddb949c697a2f1953c47) Importer(815301076,1909f56bfc062723c751e8b465ee728b)  -> (artifact id: '9a72aca289f016fa7a954a4b450206a2') in 0,066279 seconds 
========================================================================
Received Import Request.
  Time since last request: 0,000014 seconds.
  path: Assets/Resourses/Players/5000_player/jump/jump-3.png
  artifactKey: Guid(96931219bdb964de9b4bbc4a04235494) Importer(815301076,1909f56bfc062723c751e8b465ee728b)
Start importing Assets/Resourses/Players/5000_player/jump/jump-3.png using Guid(96931219bdb964de9b4bbc4a04235494) Importer(815301076,1909f56bfc062723c751e8b465ee728b)  -> (artifact id: '004773f4eb0f98b7c675e380fed9e1f1') in 0,017329 seconds 
========================================================================
Received Import Request.
  Time since last request: 76,199861 seconds.
  path: Assets/Resourses/Players/5000_player/jump/jump-0.png
  artifactKey: Guid(773b8b771a70ddb949c697a2f1953c47) Importer(815301076,1909f56bfc062723c751e8b465ee728b)
Start importing Assets/Resourses/Players/5000_player/jump/jump-0.png using Guid(773b8b771a70ddb949c697a2f1953c47) Importer(815301076,1909f56bfc062723c751e8b465ee728b)  -> (artifact id: '06eb4c786262e8daa1fbc384a6bedf77') in 0,009944 seconds 
========================================================================
Received Import Request.
  Time since last request: 8,421677 seconds.
  path: Assets/Resourses/Players/5000_player/jump/jump-1.png
  artifactKey: Guid(bff7256cf9881c5bfb94b345689ee5a3) Importer(815301076,1909f56bfc062723c751e8b465ee728b)
Start importing Assets/Resourses/Players/5000_player/jump/jump-1.png using Guid(bff7256cf9881c5bfb94b345689ee5a3) Importer(815301076,1909f56bfc062723c751e8b465ee728b)  -> (artifact id: '763524fe9e090cf9011559055475c953') in 0,009980 seconds 
========================================================================
Received Import Request.
  Time since last request: 12,023511 seconds.
  path: Assets/Resourses/Players/5000_player/jump/jump-2.png
  artifactKey: Guid(194e6af6a8c1a96d791c26854010db59) Importer(815301076,1909f56bfc062723c751e8b465ee728b)
Start importing Assets/Resourses/Players/5000_player/jump/jump-2.png using Guid(194e6af6a8c1a96d791c26854010db59) Importer(815301076,1909f56bfc062723c751e8b465ee728b)  -> (artifact id: 'bcfffa72564832654e55795c1c0100bb') in 0,010237 seconds 
========================================================================
Received Import Request.
  Time since last request: 6,270944 seconds.
  path: Assets/Resourses/Players/5000_player/jump/jump-3.png
  artifactKey: Guid(96931219bdb964de9b4bbc4a04235494) Importer(815301076,1909f56bfc062723c751e8b465ee728b)
Start importing Assets/Resourses/Players/5000_player/jump/jump-3.png using Guid(96931219bdb964de9b4bbc4a04235494) Importer(815301076,1909f56bfc062723c751e8b465ee728b)  -> (artifact id: '9d7aaf33a5628fc91c3337f6805b1d18') in 0,011246 seconds 
========================================================================
Received Import Request.
  Time since last request: 437,234153 seconds.
  path: Assets/Resourses/Players/5000_player/attack/frame_00_delay-0.1s.png
  artifactKey: Guid(41cfad57841bd7e6ebfa5b3e2e93a889) Importer(815301076,1909f56bfc062723c751e8b465ee728b)
Start importing Assets/Resourses/Players/5000_player/attack/frame_00_delay-0.1s.png using Guid(41cfad57841bd7e6ebfa5b3e2e93a889) Importer(815301076,1909f56bfc062723c751e8b465ee728b)  -> (artifact id: '66b5d099463b2ec3828945d3838150a2') in 0,021781 seconds 
========================================================================
Received Import Request.
  Time since last request: 0,000022 seconds.
  path: Assets/Resourses/Players/5000_player/attack/frame_08_delay-0.1s.png
  artifactKey: Guid(94ecec405fcbba3e789a2a1d7bbd93e7) Importer(815301076,1909f56bfc062723c751e8b465ee728b)
Start importing Assets/Resourses/Players/5000_player/attack/frame_08_delay-0.1s.png using Guid(94ecec405fcbba3e789a2a1d7bbd93e7) Importer(815301076,1909f56bfc062723c751e8b465ee728b)  -> (artifact id: '924a06c83ab1de1f067163c148c05d3f') in 0,014366 seconds 
========================================================================
Received Import Request.
  Time since last request: 0,000017 seconds.
  path: Assets/Resourses/Players/5000_player/attack/frame_06_delay-0.1s.png
  artifactKey: Guid(c01d7998cd84f910d8da17e39f18e490) Importer(815301076,1909f56bfc062723c751e8b465ee728b)
Start importing Assets/Resourses/Players/5000_player/attack/frame_06_delay-0.1s.png using Guid(c01d7998cd84f910d8da17e39f18e490) Importer(815301076,1909f56bfc062723c751e8b465ee728b)  -> (artifact id: 'bfae04fe81616c4d80b08a3194bc1301') in 0,019336 seconds 
========================================================================
Received Import Request.
  Time since last request: 0,000020 seconds.
  path: Assets/Resourses/Players/5000_player/attack/frame_14_delay-0.1s.png
  artifactKey: Guid(388e39b76530fc510840cb5a6d6a14b8) Importer(815301076,1909f56bfc062723c751e8b465ee728b)
Start importing Assets/Resourses/Players/5000_player/attack/frame_14_delay-0.1s.png using Guid(388e39b76530fc510840cb5a6d6a14b8) Importer(815301076,1909f56bfc062723c751e8b465ee728b)  -> (artifact id: '8e2fbb0068e52d1e8b6913cc830676bf') in 0,024613 seconds 
========================================================================
Received Import Request.
  Time since last request: 0,000020 seconds.
  path: Assets/Resourses/Players/5000_player/attack/frame_13_delay-0.1s.png
  artifactKey: Guid(c443546a17e51c469ae82b424054bf4f) Importer(815301076,1909f56bfc062723c751e8b465ee728b)
Start importing Assets/Resourses/Players/5000_player/attack/frame_13_delay-0.1s.png using Guid(c443546a17e51c469ae82b424054bf4f) Importer(815301076,1909f56bfc062723c751e8b465ee728b)  -> (artifact id: '59d3ecd3355eb53939afad66d7a21953') in 0,016450 seconds 
========================================================================
Received Import Request.
  Time since last request: 0,000030 seconds.
  path: Assets/Resourses/Players/5000_player/attack/frame_10_delay-0.1s.png
  artifactKey: Guid(1a9d8457f7bdc6ae8816fb2f575c46ef) Importer(815301076,1909f56bfc062723c751e8b465ee728b)
Start importing Assets/Resourses/Players/5000_player/attack/frame_10_delay-0.1s.png using Guid(1a9d8457f7bdc6ae8816fb2f575c46ef) Importer(815301076,1909f56bfc062723c751e8b465ee728b)  -> (artifact id: '30114dbe50991b18facbf67de6fedbdb') in 0,016837 seconds 
========================================================================
Received Import Request.
  Time since last request: 0,000031 seconds.
  path: Assets/Resourses/Players/5000_player/attack/frame_09_delay-0.1s.png
  artifactKey: Guid(fbee7fc00c7b502b69cdd2677c55976c) Importer(815301076,1909f56bfc062723c751e8b465ee728b)
Start importing Assets/Resourses/Players/5000_player/attack/frame_09_delay-0.1s.png using Guid(fbee7fc00c7b502b69cdd2677c55976c) Importer(815301076,1909f56bfc062723c751e8b465ee728b)  -> (artifact id: '8884e8f87a1d811e0f585957fb8b9650') in 0,020159 seconds 
========================================================================
Received Import Request.
  Time since last request: 126,788806 seconds.
  path: Assets/Resourses/Players/5000_player/attack/frame_00_delay-0.1s.png
  artifactKey: Guid(41cfad57841bd7e6ebfa5b3e2e93a889) Importer(815301076,1909f56bfc062723c751e8b465ee728b)
Start importing Assets/Resourses/Players/5000_player/attack/frame_00_delay-0.1s.png using Guid(41cfad57841bd7e6ebfa5b3e2e93a889) Importer(815301076,1909f56bfc062723c751e8b465ee728b)  -> (artifact id: 'e92211fbce1b51b1c74a4230bd727a4f') in 0,015220 seconds 
========================================================================
Received Import Request.
  Time since last request: 7,544376 seconds.
  path: Assets/Resourses/Players/5000_player/attack/frame_01_delay-0.1s.png
  artifactKey: Guid(bbc421a304d4669bd8bc6e7fa79ba6e3) Importer(815301076,1909f56bfc062723c751e8b465ee728b)
Start importing Assets/Resourses/Players/5000_player/attack/frame_01_delay-0.1s.png using Guid(bbc421a304d4669bd8bc6e7fa79ba6e3) Importer(815301076,1909f56bfc062723c751e8b465ee728b)  -> (artifact id: '6553431a779e7e5d61f48d2d3caee047') in 0,012271 seconds 
========================================================================
Received Import Request.
  Time since last request: 13,034591 seconds.
  path: Assets/Resourses/Players/5000_player/attack/frame_02_delay-0.1s.png
  artifactKey: Guid(89d55b6934e023d1b821f4cd191c587b) Importer(815301076,1909f56bfc062723c751e8b465ee728b)
Start importing Assets/Resourses/Players/5000_player/attack/frame_02_delay-0.1s.png using Guid(89d55b6934e023d1b821f4cd191c587b) Importer(815301076,1909f56bfc062723c751e8b465ee728b)  -> (artifact id: '69889488261e84d8e3a3a013c2dffb08') in 0,010954 seconds 
========================================================================
Received Import Request.
  Time since last request: 15,281752 seconds.
  path: Assets/Resourses/Players/5000_player/attack/frame_03_delay-0.1s.png
  artifactKey: Guid(46310eb8d445d260981c652ab55164b3) Importer(815301076,1909f56bfc062723c751e8b465ee728b)
Start importing Assets/Resourses/Players/5000_player/attack/frame_03_delay-0.1s.png using Guid(46310eb8d445d260981c652ab55164b3) Importer(815301076,1909f56bfc062723c751e8b465ee728b)  -> (artifact id: '974677d0eb25f82a6c590a50019081a2') in 0,013764 seconds 
========================================================================
Received Import Request.
  Time since last request: 6,293812 seconds.
  path: Assets/Resourses/Players/5000_player/attack/frame_04_delay-0.1s.png
  artifactKey: Guid(46a56b0b30ff55cd9853918cc5d0ef3c) Importer(815301076,1909f56bfc062723c751e8b465ee728b)
Start importing Assets/Resourses/Players/5000_player/attack/frame_04_delay-0.1s.png using Guid(46a56b0b30ff55cd9853918cc5d0ef3c) Importer(815301076,1909f56bfc062723c751e8b465ee728b)  -> (artifact id: 'f4a7848e8f2ff60e9060258ae5e9753c') in 0,012190 seconds 
========================================================================
Received Import Request.
  Time since last request: 67,324754 seconds.
  path: Assets/Resourses/Players/5000_player/attack/frame_05_delay-0.1s.png
  artifactKey: Guid(d3a0991cae85742b69481f3b9dbe6508) Importer(815301076,1909f56bfc062723c751e8b465ee728b)
Start importing Assets/Resourses/Players/5000_player/attack/frame_05_delay-0.1s.png using Guid(d3a0991cae85742b69481f3b9dbe6508) Importer(815301076,1909f56bfc062723c751e8b465ee728b)  -> (artifact id: '2397d9d6318ccbab9b1f5432b994051a') in 0,012686 seconds 
========================================================================
Received Import Request.
  Time since last request: 7,642449 seconds.
  path: Assets/Resourses/Players/5000_player/attack/frame_06_delay-0.1s.png
  artifactKey: Guid(c01d7998cd84f910d8da17e39f18e490) Importer(815301076,1909f56bfc062723c751e8b465ee728b)
Start importing Assets/Resourses/Players/5000_player/attack/frame_06_delay-0.1s.png using Guid(c01d7998cd84f910d8da17e39f18e490) Importer(815301076,1909f56bfc062723c751e8b465ee728b)  -> (artifact id: '4529acc28b2701199a06984675a2dd04') in 0,010595 seconds 
========================================================================
Received Import Request.
  Time since last request: 6,335958 seconds.
  path: Assets/Resourses/Players/5000_player/attack/frame_07_delay-0.1s.png
  artifactKey: Guid(d6e266e35d85445c5ba98e6781c94db0) Importer(815301076,1909f56bfc062723c751e8b465ee728b)
Start importing Assets/Resourses/Players/5000_player/attack/frame_07_delay-0.1s.png using Guid(d6e266e35d85445c5ba98e6781c94db0) Importer(815301076,1909f56bfc062723c751e8b465ee728b)  -> (artifact id: 'af8b9da6a31b5466a6a79f1cae5b0e77') in 0,011704 seconds 
========================================================================
Received Import Request.
  Time since last request: 5,139666 seconds.
  path: Assets/Resourses/Players/5000_player/attack/frame_08_delay-0.1s.png
  artifactKey: Guid(94ecec405fcbba3e789a2a1d7bbd93e7) Importer(815301076,1909f56bfc062723c751e8b465ee728b)
Start importing Assets/Resourses/Players/5000_player/attack/frame_08_delay-0.1s.png using Guid(94ecec405fcbba3e789a2a1d7bbd93e7) Importer(815301076,1909f56bfc062723c751e8b465ee728b)  -> (artifact id: 'e0dc233ed870652c9d3c1cf5d18fd607') in 0,010657 seconds 
========================================================================
Received Import Request.
  Time since last request: 6,211454 seconds.
  path: Assets/Resourses/Players/5000_player/attack/frame_09_delay-0.1s.png
  artifactKey: Guid(fbee7fc00c7b502b69cdd2677c55976c) Importer(815301076,1909f56bfc062723c751e8b465ee728b)
Start importing Assets/Resourses/Players/5000_player/attack/frame_09_delay-0.1s.png using Guid(fbee7fc00c7b502b69cdd2677c55976c) Importer(815301076,1909f56bfc062723c751e8b465ee728b)  -> (artifact id: '4b2868128e31e704233206a6e690bf37') in 0,010201 seconds 
========================================================================
Received Import Request.
  Time since last request: 5,690575 seconds.
  path: Assets/Resourses/Players/5000_player/attack/frame_10_delay-0.1s.png
  artifactKey: Guid(1a9d8457f7bdc6ae8816fb2f575c46ef) Importer(815301076,1909f56bfc062723c751e8b465ee728b)
Start importing Assets/Resourses/Players/5000_player/attack/frame_10_delay-0.1s.png using Guid(1a9d8457f7bdc6ae8816fb2f575c46ef) Importer(815301076,1909f56bfc062723c751e8b465ee728b)  -> (artifact id: 'd5878539ca28d0cc8985a5189f05ff73') in 0,011321 seconds 
========================================================================
Received Import Request.
  Time since last request: 4,995243 seconds.
  path: Assets/Resourses/Players/5000_player/attack/frame_11_delay-0.1s.png
  artifactKey: Guid(9ce82ddcf2309e14bb9935849a2b4c09) Importer(815301076,1909f56bfc062723c751e8b465ee728b)
Start importing Assets/Resourses/Players/5000_player/attack/frame_11_delay-0.1s.png using Guid(9ce82ddcf2309e14bb9935849a2b4c09) Importer(815301076,1909f56bfc062723c751e8b465ee728b)  -> (artifact id: 'b3772e9c299ae87a81ede7f253b9af81') in 0,011401 seconds 
========================================================================
Received Import Request.
  Time since last request: 5,310772 seconds.
  path: Assets/Resourses/Players/5000_player/attack/frame_12_delay-0.1s.png
  artifactKey: Guid(eb2c939cdc050c0cfa79a841dee3e61a) Importer(815301076,1909f56bfc062723c751e8b465ee728b)
Start importing Assets/Resourses/Players/5000_player/attack/frame_12_delay-0.1s.png using Guid(eb2c939cdc050c0cfa79a841dee3e61a) Importer(815301076,1909f56bfc062723c751e8b465ee728b)  -> (artifact id: '82aea214fb549b1a225fe1a70a1bb5d1') in 0,011435 seconds 
========================================================================
Received Import Request.
  Time since last request: 5,920835 seconds.
  path: Assets/Resourses/Players/5000_player/attack/frame_13_delay-0.1s.png
  artifactKey: Guid(c443546a17e51c469ae82b424054bf4f) Importer(815301076,1909f56bfc062723c751e8b465ee728b)
Start importing Assets/Resourses/Players/5000_player/attack/frame_13_delay-0.1s.png using Guid(c443546a17e51c469ae82b424054bf4f) Importer(815301076,1909f56bfc062723c751e8b465ee728b)  -> (artifact id: '8e4cdea73b1773e1480e484bbf00b09e') in 0,012123 seconds 
========================================================================
Received Import Request.
  Time since last request: 6,961012 seconds.
  path: Assets/Resourses/Players/5000_player/attack/frame_14_delay-0.1s.png
  artifactKey: Guid(388e39b76530fc510840cb5a6d6a14b8) Importer(815301076,1909f56bfc062723c751e8b465ee728b)
Start importing Assets/Resourses/Players/5000_player/attack/frame_14_delay-0.1s.png using Guid(388e39b76530fc510840cb5a6d6a14b8) Importer(815301076,1909f56bfc062723c751e8b465ee728b)  -> (artifact id: '0a43c2b1bcd84eaec0e3a0fab02046e8') in 0,011761 seconds 
========================================================================
Received Import Request.
  Time since last request: 63,418916 seconds.
  path: Assets/Resourses/Players/5000_player/attack/frame_00_delay-0.1s.png
  artifactKey: Guid(41cfad57841bd7e6ebfa5b3e2e93a889) Importer(815301076,1909f56bfc062723c751e8b465ee728b)
Start importing Assets/Resourses/Players/5000_player/attack/frame_00_delay-0.1s.png using Guid(41cfad57841bd7e6ebfa5b3e2e93a889) Importer(815301076,1909f56bfc062723c751e8b465ee728b)  -> (artifact id: '047fcd1de95089cd429bf1ee15473a58') in 0,011640 seconds 
========================================================================
Received Import Request.
  Time since last request: 23,173205 seconds.
  path: Assets/Resourses/Players/5000_player/attack/frame_00_delay-0.1s.png
  artifactKey: Guid(41cfad57841bd7e6ebfa5b3e2e93a889) Importer(815301076,1909f56bfc062723c751e8b465ee728b)
Start importing Assets/Resourses/Players/5000_player/attack/frame_00_delay-0.1s.png using Guid(41cfad57841bd7e6ebfa5b3e2e93a889) Importer(815301076,1909f56bfc062723c751e8b465ee728b)  -> (artifact id: '4eff03d8c2ae41224a50a92c05ab49d8') in 0,011863 seconds 
========================================================================
Received Import Request.
  Time since last request: 3,796322 seconds.
  path: Assets/Resourses/Players/5000_player/attack/frame_00_delay-0.1s.png
  artifactKey: Guid(41cfad57841bd7e6ebfa5b3e2e93a889) Importer(815301076,1909f56bfc062723c751e8b465ee728b)
Start importing Assets/Resourses/Players/5000_player/attack/frame_00_delay-0.1s.png using Guid(41cfad57841bd7e6ebfa5b3e2e93a889) Importer(815301076,1909f56bfc062723c751e8b465ee728b)  -> (artifact id: 'bf0a345115e48b9c9545c18549afe44d') in 0,011889 seconds 
========================================================================
Received Import Request.
  Time since last request: 10,712760 seconds.
  path: Assets/Resourses/Players/5000_player/attack/frame_00_delay-0.1s.png
  artifactKey: Guid(41cfad57841bd7e6ebfa5b3e2e93a889) Importer(815301076,1909f56bfc062723c751e8b465ee728b)
Start importing Assets/Resourses/Players/5000_player/attack/frame_00_delay-0.1s.png using Guid(41cfad57841bd7e6ebfa5b3e2e93a889) Importer(815301076,1909f56bfc062723c751e8b465ee728b)  -> (artifact id: 'bab169c59166bd5ef2cc1576560d01ff') in 0,012574 seconds 
========================================================================
Received Import Request.
  Time since last request: 66,178365 seconds.
  path: Assets/Resourses/Players/5000_player/attack/frame_00_delay-0.1s.png
  artifactKey: Guid(41cfad57841bd7e6ebfa5b3e2e93a889) Importer(815301076,1909f56bfc062723c751e8b465ee728b)
Start importing Assets/Resourses/Players/5000_player/attack/frame_00_delay-0.1s.png using Guid(41cfad57841bd7e6ebfa5b3e2e93a889) Importer(815301076,1909f56bfc062723c751e8b465ee728b)  -> (artifact id: '0fabf55ec631d1a073af63b77a57b04e') in 0,015238 seconds 
========================================================================
Received Import Request.
  Time since last request: 26,860394 seconds.
  path: Assets/Resourses/Players/5000_player/attack/frame_01_delay-0.1s.png
  artifactKey: Guid(bbc421a304d4669bd8bc6e7fa79ba6e3) Importer(815301076,1909f56bfc062723c751e8b465ee728b)
Start importing Assets/Resourses/Players/5000_player/attack/frame_01_delay-0.1s.png using Guid(bbc421a304d4669bd8bc6e7fa79ba6e3) Importer(815301076,1909f56bfc062723c751e8b465ee728b)  -> (artifact id: '83636b2b20e9d4f80f90e62567d27c5f') in 0,011911 seconds 
========================================================================
Received Import Request.
  Time since last request: 35,822782 seconds.
  path: Assets/Resourses/Players/5000_player/attack/frame_02_delay-0.1s.png
  artifactKey: Guid(89d55b6934e023d1b821f4cd191c587b) Importer(815301076,1909f56bfc062723c751e8b465ee728b)
Start importing Assets/Resourses/Players/5000_player/attack/frame_02_delay-0.1s.png using Guid(89d55b6934e023d1b821f4cd191c587b) Importer(815301076,1909f56bfc062723c751e8b465ee728b)  -> (artifact id: '126cf8ead2cde724db947be38eec9e03') in 0,011741 seconds 
========================================================================
Received Import Request.
  Time since last request: 30,106270 seconds.
  path: Assets/Resourses/Players/5000_player/attack/frame_02_delay-0.1s.png
  artifactKey: Guid(89d55b6934e023d1b821f4cd191c587b) Importer(815301076,1909f56bfc062723c751e8b465ee728b)
Start importing Assets/Resourses/Players/5000_player/attack/frame_02_delay-0.1s.png using Guid(89d55b6934e023d1b821f4cd191c587b) Importer(815301076,1909f56bfc062723c751e8b465ee728b)  -> (artifact id: 'f9fa1a354682e509c8cc5a489578ec5e') in 0,014515 seconds 
========================================================================
Received Import Request.
  Time since last request: 24,797514 seconds.
  path: Assets/Resourses/Players/5000_player/attack/frame_03_delay-0.1s.png
  artifactKey: Guid(46310eb8d445d260981c652ab55164b3) Importer(815301076,1909f56bfc062723c751e8b465ee728b)
Start importing Assets/Resourses/Players/5000_player/attack/frame_03_delay-0.1s.png using Guid(46310eb8d445d260981c652ab55164b3) Importer(815301076,1909f56bfc062723c751e8b465ee728b)  -> (artifact id: '9f78c37011e23add51b04f82cff33674') in 0,013694 seconds 
========================================================================
Received Import Request.
  Time since last request: 22,748063 seconds.
  path: Assets/Resourses/Players/5000_player/attack/frame_04_delay-0.1s.png
  artifactKey: Guid(46a56b0b30ff55cd9853918cc5d0ef3c) Importer(815301076,1909f56bfc062723c751e8b465ee728b)
Start importing Assets/Resourses/Players/5000_player/attack/frame_04_delay-0.1s.png using Guid(46a56b0b30ff55cd9853918cc5d0ef3c) Importer(815301076,1909f56bfc062723c751e8b465ee728b)  -> (artifact id: 'b82adb81e381eec4df86e493ceaf49f3') in 0,015009 seconds 
========================================================================
Received Import Request.
  Time since last request: 33,923739 seconds.
  path: Assets/Resourses/Players/5000_player/attack/frame_05_delay-0.1s.png
  artifactKey: Guid(d3a0991cae85742b69481f3b9dbe6508) Importer(815301076,1909f56bfc062723c751e8b465ee728b)
Start importing Assets/Resourses/Players/5000_player/attack/frame_05_delay-0.1s.png using Guid(d3a0991cae85742b69481f3b9dbe6508) Importer(815301076,1909f56bfc062723c751e8b465ee728b)  -> (artifact id: '6577a053117ca86923c99ca459a13f93') in 0,011310 seconds 
========================================================================
Received Import Request.
  Time since last request: 19,499031 seconds.
  path: Assets/Resourses/Players/5000_player/attack/frame_06_delay-0.1s.png
  artifactKey: Guid(c01d7998cd84f910d8da17e39f18e490) Importer(815301076,1909f56bfc062723c751e8b465ee728b)
Start importing Assets/Resourses/Players/5000_player/attack/frame_06_delay-0.1s.png using Guid(c01d7998cd84f910d8da17e39f18e490) Importer(815301076,1909f56bfc062723c751e8b465ee728b)  -> (artifact id: '009703d860a8580fd2dc7b4c6bacab7d') in 0,014126 seconds 
========================================================================
Received Import Request.
  Time since last request: 19,367267 seconds.
  path: Assets/Resourses/Players/5000_player/attack/frame_07_delay-0.1s.png
  artifactKey: Guid(d6e266e35d85445c5ba98e6781c94db0) Importer(815301076,1909f56bfc062723c751e8b465ee728b)
Start importing Assets/Resourses/Players/5000_player/attack/frame_07_delay-0.1s.png using Guid(d6e266e35d85445c5ba98e6781c94db0) Importer(815301076,1909f56bfc062723c751e8b465ee728b)  -> (artifact id: '0185cd2a172cebeda4ee47b207750f87') in 0,011918 seconds 
========================================================================
Received Import Request.
  Time since last request: 18,727461 seconds.
  path: Assets/Resourses/Players/5000_player/attack/frame_08_delay-0.1s.png
  artifactKey: Guid(94ecec405fcbba3e789a2a1d7bbd93e7) Importer(815301076,1909f56bfc062723c751e8b465ee728b)
Start importing Assets/Resourses/Players/5000_player/attack/frame_08_delay-0.1s.png using Guid(94ecec405fcbba3e789a2a1d7bbd93e7) Importer(815301076,1909f56bfc062723c751e8b465ee728b)  -> (artifact id: '81a356c16be6e69c0c3323a6449f9766') in 0,012163 seconds 
========================================================================
Received Import Request.
  Time since last request: 17,590806 seconds.
  path: Assets/Resourses/Players/5000_player/attack/frame_09_delay-0.1s.png
  artifactKey: Guid(fbee7fc00c7b502b69cdd2677c55976c) Importer(815301076,1909f56bfc062723c751e8b465ee728b)
Start importing Assets/Resourses/Players/5000_player/attack/frame_09_delay-0.1s.png using Guid(fbee7fc00c7b502b69cdd2677c55976c) Importer(815301076,1909f56bfc062723c751e8b465ee728b)  -> (artifact id: '419b6f3caf203b3e89adcde92c61d243') in 0,016207 seconds 
========================================================================
Received Import Request.
  Time since last request: 20,417360 seconds.
  path: Assets/Resourses/Players/5000_player/attack/frame_10_delay-0.1s.png
  artifactKey: Guid(1a9d8457f7bdc6ae8816fb2f575c46ef) Importer(815301076,1909f56bfc062723c751e8b465ee728b)
Start importing Assets/Resourses/Players/5000_player/attack/frame_10_delay-0.1s.png using Guid(1a9d8457f7bdc6ae8816fb2f575c46ef) Importer(815301076,1909f56bfc062723c751e8b465ee728b)  -> (artifact id: 'ad1a64c53bde1abaa153f453f6e35f6b') in 0,011480 seconds 
========================================================================
Received Import Request.
  Time since last request: 22,143572 seconds.
  path: Assets/Resourses/Players/5000_player/attack/frame_11_delay-0.1s.png
  artifactKey: Guid(9ce82ddcf2309e14bb9935849a2b4c09) Importer(815301076,1909f56bfc062723c751e8b465ee728b)
Start importing Assets/Resourses/Players/5000_player/attack/frame_11_delay-0.1s.png using Guid(9ce82ddcf2309e14bb9935849a2b4c09) Importer(815301076,1909f56bfc062723c751e8b465ee728b)  -> (artifact id: '0ff48958c0dd4f81167072c0ae1d1822') in 0,011928 seconds 
========================================================================
Received Import Request.
  Time since last request: 18,590058 seconds.
  path: Assets/Resourses/Players/5000_player/attack/frame_12_delay-0.1s.png
  artifactKey: Guid(eb2c939cdc050c0cfa79a841dee3e61a) Importer(815301076,1909f56bfc062723c751e8b465ee728b)
Start importing Assets/Resourses/Players/5000_player/attack/frame_12_delay-0.1s.png using Guid(eb2c939cdc050c0cfa79a841dee3e61a) Importer(815301076,1909f56bfc062723c751e8b465ee728b)  -> (artifact id: 'c79e94c0f1495e1b08f6c79414826c25') in 0,011651 seconds 
========================================================================
Received Import Request.
  Time since last request: 16,810596 seconds.
  path: Assets/Resourses/Players/5000_player/attack/frame_13_delay-0.1s.png
  artifactKey: Guid(c443546a17e51c469ae82b424054bf4f) Importer(815301076,1909f56bfc062723c751e8b465ee728b)
Start importing Assets/Resourses/Players/5000_player/attack/frame_13_delay-0.1s.png using Guid(c443546a17e51c469ae82b424054bf4f) Importer(815301076,1909f56bfc062723c751e8b465ee728b)  -> (artifact id: 'd57c07a962873732ecde9f8a321b2ea9') in 0,011731 seconds 
========================================================================
Received Import Request.
  Time since last request: 25,388997 seconds.
  path: Assets/Resourses/Players/5000_player/attack/frame_14_delay-0.1s.png
  artifactKey: Guid(388e39b76530fc510840cb5a6d6a14b8) Importer(815301076,1909f56bfc062723c751e8b465ee728b)
Start importing Assets/Resourses/Players/5000_player/attack/frame_14_delay-0.1s.png using Guid(388e39b76530fc510840cb5a6d6a14b8) Importer(815301076,1909f56bfc062723c751e8b465ee728b)  -> (artifact id: '39a328b28e8d75dca04565883622a412') in 0,011948 seconds 
========================================================================
Received Import Request.
  Time since last request: 116,180171 seconds.
  path: Assets/Resourses/Players/5000_player/block/block-0.png
  artifactKey: Guid(4ad14c87dc4428ee89c9f2b9dbdee0ed) Importer(815301076,1909f56bfc062723c751e8b465ee728b)
Start importing Assets/Resourses/Players/5000_player/block/block-0.png using Guid(4ad14c87dc4428ee89c9f2b9dbdee0ed) Importer(815301076,1909f56bfc062723c751e8b465ee728b)  -> (artifact id: 'de0261b088997410b65516a69c34dfd1') in 0,014980 seconds 
========================================================================
Received Import Request.
  Time since last request: 8,937122 seconds.
  path: Assets/Resourses/Players/5000_player/block/block-1.png
  artifactKey: Guid(5e2ef768bca772a7b82eb0d925791c43) Importer(815301076,1909f56bfc062723c751e8b465ee728b)
Start importing Assets/Resourses/Players/5000_player/block/block-1.png using Guid(5e2ef768bca772a7b82eb0d925791c43) Importer(815301076,1909f56bfc062723c751e8b465ee728b)  -> (artifact id: 'ef60d3faf5f05a26069da040eebde335') in 0,009931 seconds 
========================================================================
Received Import Request.
  Time since last request: 28,352942 seconds.
  path: Assets/Resourses/Players/5000_player/block/block-0.png
  artifactKey: Guid(4ad14c87dc4428ee89c9f2b9dbdee0ed) Importer(815301076,1909f56bfc062723c751e8b465ee728b)
Start importing Assets/Resourses/Players/5000_player/block/block-0.png using Guid(4ad14c87dc4428ee89c9f2b9dbdee0ed) Importer(815301076,1909f56bfc062723c751e8b465ee728b)  -> (artifact id: '27bb2514bbd8f2324e60ff446b29ca5d') in 0,011638 seconds 
========================================================================
Received Import Request.
  Time since last request: 17,529779 seconds.
  path: Assets/Resourses/Players/5000_player/block/block-1.png
  artifactKey: Guid(5e2ef768bca772a7b82eb0d925791c43) Importer(815301076,1909f56bfc062723c751e8b465ee728b)
Start importing Assets/Resourses/Players/5000_player/block/block-1.png using Guid(5e2ef768bca772a7b82eb0d925791c43) Importer(815301076,1909f56bfc062723c751e8b465ee728b)  -> (artifact id: '86856202597e856ff6ed0ba897c36c32') in 0,010788 seconds 
========================================================================
Received Import Request.
  Time since last request: 5,761127 seconds.
  path: Assets/Resourses/Players/5000_player/block/block-1.png
  artifactKey: Guid(5e2ef768bca772a7b82eb0d925791c43) Importer(815301076,1909f56bfc062723c751e8b465ee728b)
Start importing Assets/Resourses/Players/5000_player/block/block-1.png using Guid(5e2ef768bca772a7b82eb0d925791c43) Importer(815301076,1909f56bfc062723c751e8b465ee728b)  -> (artifact id: '177f1842c31918cdd131eee6ba6fa9df') in 0,013782 seconds 
========================================================================
Received Import Request.
  Time since last request: 23,463767 seconds.
  path: Assets/Resourses/Players/5000_player/block/block-0.png
  artifactKey: Guid(4ad14c87dc4428ee89c9f2b9dbdee0ed) Importer(815301076,1909f56bfc062723c751e8b465ee728b)
Start importing Assets/Resourses/Players/5000_player/block/block-0.png using Guid(4ad14c87dc4428ee89c9f2b9dbdee0ed) Importer(815301076,1909f56bfc062723c751e8b465ee728b)  -> (artifact id: '7e57892109593b0cb402902a8c4a0593') in 0,010899 seconds 
========================================================================
Received Import Request.
  Time since last request: 5,917330 seconds.
  path: Assets/Resourses/Players/5000_player/block/block-0.png
  artifactKey: Guid(4ad14c87dc4428ee89c9f2b9dbdee0ed) Importer(815301076,1909f56bfc062723c751e8b465ee728b)
Start importing Assets/Resourses/Players/5000_player/block/block-0.png using Guid(4ad14c87dc4428ee89c9f2b9dbdee0ed) Importer(815301076,1909f56bfc062723c751e8b465ee728b)  -> (artifact id: 'bcad5149ea2b8f21fbbdd6b8934c6711') in 0,010961 seconds 
========================================================================
Received Import Request.
  Time since last request: 5,045897 seconds.
  path: Assets/Resourses/Players/5000_player/block/block-0.png
  artifactKey: Guid(4ad14c87dc4428ee89c9f2b9dbdee0ed) Importer(815301076,1909f56bfc062723c751e8b465ee728b)
Start importing Assets/Resourses/Players/5000_player/block/block-0.png using Guid(4ad14c87dc4428ee89c9f2b9dbdee0ed) Importer(815301076,1909f56bfc062723c751e8b465ee728b)  -> (artifact id: '8c51141420054a699114ec68188ec8df') in 0,011555 seconds 
========================================================================
Received Import Request.
  Time since last request: 28,310301 seconds.
  path: Assets/Resourses/Players/5000_player/block/block-0.png
  artifactKey: Guid(4ad14c87dc4428ee89c9f2b9dbdee0ed) Importer(815301076,1909f56bfc062723c751e8b465ee728b)
Start importing Assets/Resourses/Players/5000_player/block/block-0.png using Guid(4ad14c87dc4428ee89c9f2b9dbdee0ed) Importer(815301076,1909f56bfc062723c751e8b465ee728b)  -> (artifact id: '2c1c6dce92b6e0ce2d0e97870e07cb1d') in 0,013166 seconds 
========================================================================
Received Import Request.
  Time since last request: 21,186940 seconds.
  path: Assets/Resourses/Players/5000_player/block/block-1.png
  artifactKey: Guid(5e2ef768bca772a7b82eb0d925791c43) Importer(815301076,1909f56bfc062723c751e8b465ee728b)
Start importing Assets/Resourses/Players/5000_player/block/block-1.png using Guid(5e2ef768bca772a7b82eb0d925791c43) Importer(815301076,1909f56bfc062723c751e8b465ee728b)  -> (artifact id: '252430d02e0d8c2876c999fc32bdb469') in 0,010921 seconds 
========================================================================
Received Import Request.
  Time since last request: 176,083967 seconds.
  path: Assets/Resourses/Players/5000_player/idle/idle-1.png
  artifactKey: Guid(e1c510b76fb31b24687b15c183bc3209) Importer(815301076,1909f56bfc062723c751e8b465ee728b)
Start importing Assets/Resourses/Players/5000_player/idle/idle-1.png using Guid(e1c510b76fb31b24687b15c183bc3209) Importer(815301076,1909f56bfc062723c751e8b465ee728b)  -> (artifact id: 'd822dde40a3288e01c2aa2f3599efeff') in 0,011206 seconds 
========================================================================
Received Import Request.
  Time since last request: 3,901650 seconds.
  path: Assets/Resourses/Players/5000_player/idle/idle-1.png
  artifactKey: Guid(e1c510b76fb31b24687b15c183bc3209) Importer(815301076,1909f56bfc062723c751e8b465ee728b)
Start importing Assets/Resourses/Players/5000_player/idle/idle-1.png using Guid(e1c510b76fb31b24687b15c183bc3209) Importer(815301076,1909f56bfc062723c751e8b465ee728b)  -> (artifact id: '83644ecbe0d96ab8db3a1260c43f8f11') in 0,011812 seconds 
========================================================================
Received Import Request.
  Time since last request: 3,900824 seconds.
  path: Assets/Resourses/Players/5000_player/idle/idle-1.png
  artifactKey: Guid(e1c510b76fb31b24687b15c183bc3209) Importer(815301076,1909f56bfc062723c751e8b465ee728b)
Start importing Assets/Resourses/Players/5000_player/idle/idle-1.png using Guid(e1c510b76fb31b24687b15c183bc3209) Importer(815301076,1909f56bfc062723c751e8b465ee728b)  -> (artifact id: '8b6046fc3620c14f3931e13a98600e7d') in 0,010365 seconds 
========================================================================
Received Import Request.
  Time since last request: 5,405257 seconds.
  path: Assets/Resourses/Players/5000_player/idle/idle-1.png
  artifactKey: Guid(e1c510b76fb31b24687b15c183bc3209) Importer(815301076,1909f56bfc062723c751e8b465ee728b)
Start importing Assets/Resourses/Players/5000_player/idle/idle-1.png using Guid(e1c510b76fb31b24687b15c183bc3209) Importer(815301076,1909f56bfc062723c751e8b465ee728b)  -> (artifact id: '3a2bd0e5037e14bbc636f8c060264f4f') in 0,013966 seconds 
========================================================================
Received Import Request.
  Time since last request: 4,654930 seconds.
  path: Assets/Resourses/Players/5000_player/idle/idle-1.png
  artifactKey: Guid(e1c510b76fb31b24687b15c183bc3209) Importer(815301076,1909f56bfc062723c751e8b465ee728b)
Start importing Assets/Resourses/Players/5000_player/idle/idle-1.png using Guid(e1c510b76fb31b24687b15c183bc3209) Importer(815301076,1909f56bfc062723c751e8b465ee728b)  -> (artifact id: '9401b724ff8f982cbf1624e62ddb53e0') in 0,014436 seconds 
========================================================================
Received Import Request.
  Time since last request: 16,993821 seconds.
  path: Assets/Resourses/Players/5000_player/idle/idle-1.png
  artifactKey: Guid(e1c510b76fb31b24687b15c183bc3209) Importer(815301076,1909f56bfc062723c751e8b465ee728b)
Start importing Assets/Resourses/Players/5000_player/idle/idle-1.png using Guid(e1c510b76fb31b24687b15c183bc3209) Importer(815301076,1909f56bfc062723c751e8b465ee728b)  -> (artifact id: '1174ee9c5a5f8fc2b5477cdde12675a6') in 0,010742 seconds 
========================================================================
Received Import Request.
  Time since last request: 21,672871 seconds.
  path: Assets/Resourses/Players/5000_player/idle/idle-2.png
  artifactKey: Guid(e8493b1e5cd661a26820a6bb8d46e953) Importer(815301076,1909f56bfc062723c751e8b465ee728b)
Start importing Assets/Resourses/Players/5000_player/idle/idle-2.png using Guid(e8493b1e5cd661a26820a6bb8d46e953) Importer(815301076,1909f56bfc062723c751e8b465ee728b)  -> (artifact id: '69473245c2afb7d282c355b08feeb47b') in 0,010226 seconds 
========================================================================
Received Import Request.
  Time since last request: 34,480923 seconds.
  path: Assets/Resourses/Players/5000_player/death/death-0.png
  artifactKey: Guid(df573d365f3c19c60bba6a8f371be383) Importer(815301076,1909f56bfc062723c751e8b465ee728b)
Start importing Assets/Resourses/Players/5000_player/death/death-0.png using Guid(df573d365f3c19c60bba6a8f371be383) Importer(815301076,1909f56bfc062723c751e8b465ee728b)  -> (artifact id: '0e0a3396fd97c5a2ad6254e27582acf0') in 0,021675 seconds 
========================================================================
Received Import Request.
  Time since last request: 0,000018 seconds.
  path: Assets/Resourses/Players/5000_player/death/death-2.png
  artifactKey: Guid(a4e08803488cd97a5b0536b4c0111eea) Importer(815301076,1909f56bfc062723c751e8b465ee728b)
Start importing Assets/Resourses/Players/5000_player/death/death-2.png using Guid(a4e08803488cd97a5b0536b4c0111eea) Importer(815301076,1909f56bfc062723c751e8b465ee728b)  -> (artifact id: '2c853c19a7f6b0d5092bb600e63d9465') in 0,014068 seconds 
========================================================================
Received Import Request.
  Time since last request: 0,000020 seconds.
  path: Assets/Resourses/Players/5000_player/death/death-5.png
  artifactKey: Guid(9ea864ef52e0f952bb7517e987f33383) Importer(815301076,1909f56bfc062723c751e8b465ee728b)
Start importing Assets/Resourses/Players/5000_player/death/death-5.png using Guid(9ea864ef52e0f952bb7517e987f33383) Importer(815301076,1909f56bfc062723c751e8b465ee728b)  -> (artifact id: 'e8fca69b2acd3f0d981339e57269e0ce') in 0,020715 seconds 
========================================================================
Received Import Request.
  Time since last request: 49,411978 seconds.
  path: Assets/Resourses/Players/5000_player/death/death-0.png
  artifactKey: Guid(df573d365f3c19c60bba6a8f371be383) Importer(815301076,1909f56bfc062723c751e8b465ee728b)
Start importing Assets/Resourses/Players/5000_player/death/death-0.png using Guid(df573d365f3c19c60bba6a8f371be383) Importer(815301076,1909f56bfc062723c751e8b465ee728b)  -> (artifact id: '30c29a15f533cdc1cc2d3fe53cec9a96') in 0,011189 seconds 
========================================================================
Received Import Request.
  Time since last request: 12,807423 seconds.
  path: Assets/Resourses/Players/5000_player/death/death-0.png
  artifactKey: Guid(df573d365f3c19c60bba6a8f371be383) Importer(815301076,1909f56bfc062723c751e8b465ee728b)
Start importing Assets/Resourses/Players/5000_player/death/death-0.png using Guid(df573d365f3c19c60bba6a8f371be383) Importer(815301076,1909f56bfc062723c751e8b465ee728b)  -> (artifact id: 'd55fd1a7c3a3649f81fafcf0ccf0cc6f') in 0,013825 seconds 
========================================================================
Received Import Request.
  Time since last request: 5,340600 seconds.
  path: Assets/Resourses/Players/5000_player/death/death-0.png
  artifactKey: Guid(df573d365f3c19c60bba6a8f371be383) Importer(815301076,1909f56bfc062723c751e8b465ee728b)
Start importing Assets/Resourses/Players/5000_player/death/death-0.png using Guid(df573d365f3c19c60bba6a8f371be383) Importer(815301076,1909f56bfc062723c751e8b465ee728b)  -> (artifact id: '510f0c99a05c3df269a6a6e220451650') in 0,013592 seconds 
========================================================================
Received Import Request.
  Time since last request: 6,209072 seconds.
  path: Assets/Resourses/Players/5000_player/death/death-0.png
  artifactKey: Guid(df573d365f3c19c60bba6a8f371be383) Importer(815301076,1909f56bfc062723c751e8b465ee728b)
Start importing Assets/Resourses/Players/5000_player/death/death-0.png using Guid(df573d365f3c19c60bba6a8f371be383) Importer(815301076,1909f56bfc062723c751e8b465ee728b)  -> (artifact id: 'f9fc24e81e6a8524a03767e0feb49b7c') in 0,013988 seconds 
========================================================================
Received Import Request.
  Time since last request: 14,737274 seconds.
  path: Assets/Resourses/Players/5000_player/death/death-0.png
  artifactKey: Guid(df573d365f3c19c60bba6a8f371be383) Importer(815301076,1909f56bfc062723c751e8b465ee728b)
Start importing Assets/Resourses/Players/5000_player/death/death-0.png using Guid(df573d365f3c19c60bba6a8f371be383) Importer(815301076,1909f56bfc062723c751e8b465ee728b)  -> (artifact id: '135bbae106e80682fe7fe889e465febb') in 0,010577 seconds 
========================================================================
Received Import Request.
  Time since last request: 34,325362 seconds.
  path: Assets/Resourses/Players/5000_player/death/death-1.png
  artifactKey: Guid(4175ab0cd9aa6d22c9e70efeafff8922) Importer(815301076,1909f56bfc062723c751e8b465ee728b)
Start importing Assets/Resourses/Players/5000_player/death/death-1.png using Guid(4175ab0cd9aa6d22c9e70efeafff8922) Importer(815301076,1909f56bfc062723c751e8b465ee728b)  -> (artifact id: '73155d1e1a1e5a89b003f662a60c7466') in 0,010785 seconds 
========================================================================
Received Import Request.
  Time since last request: 30,796184 seconds.
  path: Assets/Resourses/Players/5000_player/death/death-2.png
  artifactKey: Guid(a4e08803488cd97a5b0536b4c0111eea) Importer(815301076,1909f56bfc062723c751e8b465ee728b)
Start importing Assets/Resourses/Players/5000_player/death/death-2.png using Guid(a4e08803488cd97a5b0536b4c0111eea) Importer(815301076,1909f56bfc062723c751e8b465ee728b)  -> (artifact id: 'b85eac576836f3dd6497656a09f2ca09') in 0,010468 seconds 
========================================================================
Received Import Request.
  Time since last request: 18,141872 seconds.
  path: Assets/Resourses/Players/5000_player/death/death-3.png
  artifactKey: Guid(4c0ab6ed56a8bf797968c46c36683806) Importer(815301076,1909f56bfc062723c751e8b465ee728b)
Start importing Assets/Resourses/Players/5000_player/death/death-3.png using Guid(4c0ab6ed56a8bf797968c46c36683806) Importer(815301076,1909f56bfc062723c751e8b465ee728b)  -> (artifact id: 'ba0841575902dc68331de145b05e0b0e') in 0,012091 seconds 
========================================================================
Received Import Request.
  Time since last request: 21,599757 seconds.
  path: Assets/Resourses/Players/5000_player/death/death-4.png
  artifactKey: Guid(7376d63ed917e88a5a0265a02df0a967) Importer(815301076,1909f56bfc062723c751e8b465ee728b)
Start importing Assets/Resourses/Players/5000_player/death/death-4.png using Guid(7376d63ed917e88a5a0265a02df0a967) Importer(815301076,1909f56bfc062723c751e8b465ee728b)  -> (artifact id: 'a600c630ba34cc4c5b88d21ca1cb1423') in 0,013464 seconds 
========================================================================
Received Import Request.
  Time since last request: 19,457985 seconds.
  path: Assets/Resourses/Players/5000_player/death/death-5.png
  artifactKey: Guid(9ea864ef52e0f952bb7517e987f33383) Importer(815301076,1909f56bfc062723c751e8b465ee728b)
Start importing Assets/Resourses/Players/5000_player/death/death-5.png using Guid(9ea864ef52e0f952bb7517e987f33383) Importer(815301076,1909f56bfc062723c751e8b465ee728b)  -> (artifact id: '5c8ed29995233fcbe6523685c555ff6d') in 0,010233 seconds 
========================================================================
Received Import Request.
  Time since last request: 18,174905 seconds.
  path: Assets/Resourses/Players/5000_player/death/death-6.png
  artifactKey: Guid(55be8e2fb0d3bdf2489710b3369486a9) Importer(815301076,1909f56bfc062723c751e8b465ee728b)
Start importing Assets/Resourses/Players/5000_player/death/death-6.png using Guid(55be8e2fb0d3bdf2489710b3369486a9) Importer(815301076,1909f56bfc062723c751e8b465ee728b)  -> (artifact id: '121e8e88b374534c66d025907527fe57') in 0,011098 seconds 
========================================================================
Received Import Request.
  Time since last request: 324,383112 seconds.
  path: Assets/Resourses/Players/5000_player/knockback/knockback-0.gif
  artifactKey: Guid(6354e8a05bc151f38a7449473dd60c60) Importer(815301076,1909f56bfc062723c751e8b465ee728b)
Start importing Assets/Resourses/Players/5000_player/knockback/knockback-0.gif using Guid(6354e8a05bc151f38a7449473dd60c60) Importer(815301076,1909f56bfc062723c751e8b465ee728b)  -> (artifact id: '30585bbabeea44405d89ae04701564aa') in 0,026930 seconds 
========================================================================
Received Import Request.
  Time since last request: 0,000023 seconds.
  path: Assets/Resourses/Players/5000_player/knockback/knockback-2.gif
  artifactKey: Guid(ea20acdb939e8379387520694b8ca28c) Importer(815301076,1909f56bfc062723c751e8b465ee728b)
Start importing Assets/Resourses/Players/5000_player/knockback/knockback-2.gif using Guid(ea20acdb939e8379387520694b8ca28c) Importer(815301076,1909f56bfc062723c751e8b465ee728b)  -> (artifact id: '44e610a73be585a5f0f8c1aed08da9c8') in 0,021559 seconds 
========================================================================
Received Import Request.
  Time since last request: 161,712738 seconds.
  path: Assets/Resourses/Players/5000_player/knockback/knockback-0.gif
  artifactKey: Guid(6354e8a05bc151f38a7449473dd60c60) Importer(815301076,1909f56bfc062723c751e8b465ee728b)
Start importing Assets/Resourses/Players/5000_player/knockback/knockback-0.gif using Guid(6354e8a05bc151f38a7449473dd60c60) Importer(815301076,1909f56bfc062723c751e8b465ee728b)  -> (artifact id: '18b2142a1b448149b4266829668aeaca') in 0,009703 seconds 
========================================================================
Received Import Request.
  Time since last request: 0,032925 seconds.
  path: Assets/Resourses/Players/5000_player/knockback/knockback-1.gif
  artifactKey: Guid(8cf3f1e7a047879ea87c70f3c4b9caa3) Importer(815301076,1909f56bfc062723c751e8b465ee728b)
Start importing Assets/Resourses/Players/5000_player/knockback/knockback-1.gif using Guid(8cf3f1e7a047879ea87c70f3c4b9caa3) Importer(815301076,1909f56bfc062723c751e8b465ee728b)  -> (artifact id: '24a61543351fc72abcd4a7cb6237c16f') in 0,016630 seconds 
========================================================================
Received Import Request.
  Time since last request: 0,000014 seconds.
  path: Assets/Resourses/Players/5000_player/knockback/knockback-3.gif
  artifactKey: Guid(d6c781526d829357db5d101f10cc0ff6) Importer(815301076,1909f56bfc062723c751e8b465ee728b)
Start importing Assets/Resourses/Players/5000_player/knockback/knockback-3.gif using Guid(d6c781526d829357db5d101f10cc0ff6) Importer(815301076,1909f56bfc062723c751e8b465ee728b)  -> (artifact id: '9bf2b4988e623c8e91399a17d0b9ba72') in 0,012372 seconds 
